[debug] [2019-10-10T16:13:30.897Z] ----------------------------------------------------------------------
[debug] [2019-10-10T16:13:30.900Z] Command:       /usr/local/bin/node /usr/local/bin/firebase deploy
[debug] [2019-10-10T16:13:30.900Z] CLI Version:   7.4.0
[debug] [2019-10-10T16:13:30.900Z] Platform:      darwin
[debug] [2019-10-10T16:13:30.900Z] Node Version:  v10.14.2
[debug] [2019-10-10T16:13:30.901Z] Time:          Thu Oct 10 2019 18:13:30 GMT+0200 (South Africa Standard Time)
[debug] [2019-10-10T16:13:30.901Z] ----------------------------------------------------------------------
[debug] 
[debug] [2019-10-10T16:13:30.920Z] > command requires scopes: ["email","openid","https://www.googleapis.com/auth/cloudplatformprojects.readonly","https://www.googleapis.com/auth/firebase","https://www.googleapis.com/auth/cloud-platform"]
[debug] [2019-10-10T16:13:30.920Z] > authorizing via signed-in user
[debug] [2019-10-10T16:13:30.920Z] [iam] checking project whatsyourvibe for permissions ["firebase.projects.get","firebasehosting.sites.update"]
[debug] [2019-10-10T16:13:30.922Z] >>> HTTP REQUEST POST https://cloudresourcemanager.googleapis.com/v1/projects/whatsyourvibe:testIamPermissions  

[debug] [2019-10-10T16:13:33.249Z] <<< HTTP RESPONSE 200
[debug] [2019-10-10T16:13:33.252Z] >>> HTTP REQUEST GET https://firebase.googleapis.com/v1beta1/projects/whatsyourvibe  
 
[debug] [2019-10-10T16:13:33.860Z] <<< HTTP RESPONSE 200
[info] 
[info] === Deploying to 'whatsyourvibe'...
[info] 
[info] i  deploying hosting
[debug] [2019-10-10T16:13:33.865Z] >>> HTTP REQUEST POST https://firebasehosting.googleapis.com/v1beta1/sites/whatsyourvibe/versions  

